mode: set
/Users/mahesh/work/personal/src/ProblemSolving/HackerRank/two_strings/program.go:5.13,9.2 3 0
/Users/mahesh/work/personal/src/ProblemSolving/HackerRank/two_strings/program.go:11.46,14.23 2 1
/Users/mahesh/work/personal/src/ProblemSolving/HackerRank/two_strings/program.go:18.2,18.23 1 1
/Users/mahesh/work/personal/src/ProblemSolving/HackerRank/two_strings/program.go:23.2,23.13 1 1
/Users/mahesh/work/personal/src/ProblemSolving/HackerRank/two_strings/program.go:14.23,16.3 1 1
/Users/mahesh/work/personal/src/ProblemSolving/HackerRank/two_strings/program.go:18.23,19.20 1 1
/Users/mahesh/work/personal/src/ProblemSolving/HackerRank/two_strings/program.go:19.20,21.4 1 1
