mode: set
/Users/mahesh/work/personal/src/ProblemSolving/Codility/lesson1/binary_gap/program.go:10.13,15.16 5 0
/Users/mahesh/work/personal/src/ProblemSolving/Codility/lesson1/binary_gap/program.go:18.2,18.30 1 0
/Users/mahesh/work/personal/src/ProblemSolving/Codility/lesson1/binary_gap/program.go:15.16,17.3 1 0
/Users/mahesh/work/personal/src/ProblemSolving/Codility/lesson1/binary_gap/program.go:21.30,25.12 4 1
/Users/mahesh/work/personal/src/ProblemSolving/Codility/lesson1/binary_gap/program.go:41.2,41.26 1 1
/Users/mahesh/work/personal/src/ProblemSolving/Codility/lesson1/binary_gap/program.go:44.2,44.21 1 1
/Users/mahesh/work/personal/src/ProblemSolving/Codility/lesson1/binary_gap/program.go:25.12,28.13 3 1
/Users/mahesh/work/personal/src/ProblemSolving/Codility/lesson1/binary_gap/program.go:32.3,32.27 1 1
/Users/mahesh/work/personal/src/ProblemSolving/Codility/lesson1/binary_gap/program.go:28.13,30.4 1 1
/Users/mahesh/work/personal/src/ProblemSolving/Codility/lesson1/binary_gap/program.go:32.27,34.4 1 1
/Users/mahesh/work/personal/src/ProblemSolving/Codility/lesson1/binary_gap/program.go:34.9,35.28 1 1
/Users/mahesh/work/personal/src/ProblemSolving/Codility/lesson1/binary_gap/program.go:38.4,38.13 1 1
/Users/mahesh/work/personal/src/ProblemSolving/Codility/lesson1/binary_gap/program.go:35.28,37.5 1 1
/Users/mahesh/work/personal/src/ProblemSolving/Codility/lesson1/binary_gap/program.go:41.26,43.3 1 0
