mode: set
/Users/mahesh/work/personal/src/algoDaily/day_0/program.go:9.13,16.2 5 0
/Users/mahesh/work/personal/src/algoDaily/day_0/program.go:19.31,22.13 3 1
/Users/mahesh/work/personal/src/algoDaily/day_0/program.go:26.2,26.11 1 1
/Users/mahesh/work/personal/src/algoDaily/day_0/program.go:22.13,25.3 2 1
/Users/mahesh/work/personal/src/algoDaily/day_0/program.go:29.40,33.10 4 1
/Users/mahesh/work/personal/src/algoDaily/day_0/program.go:38.2,38.19 1 1
/Users/mahesh/work/personal/src/algoDaily/day_0/program.go:33.10,37.3 3 1
